TN:
SF:C:\Users\up\Teamwork\app.js
FN:15,(anonymous_0)
FN:18,(anonymous_1)
FNF:2
FNH:0
FNDA:0,(anonymous_0)
FNDA:0,(anonymous_1)
DA:1,1
DA:2,1
DA:3,1
DA:4,1
DA:5,1
DA:6,1
DA:8,1
DA:9,1
DA:10,1
DA:11,1
DA:12,1
DA:13,1
DA:15,1
DA:16,0
DA:18,1
DA:19,0
DA:22,1
LF:17
LH:15
BRF:0
BRH:0
end_of_record
TN:
SF:C:\Users\up\Teamwork\controller\admin.js
FN:5,(anonymous_0)
FN:13,(anonymous_1)
FN:16,(anonymous_2)
FN:25,(anonymous_3)
FNF:4
FNH:0
FNDA:0,(anonymous_0)
FNDA:0,(anonymous_1)
FNDA:0,(anonymous_2)
FNDA:0,(anonymous_3)
DA:1,1
DA:2,1
DA:3,1
DA:5,1
DA:8,0
DA:9,0
DA:10,0
DA:11,0
DA:12,0
DA:13,0
DA:14,0
DA:15,0
DA:17,0
DA:26,0
DA:32,0
DA:39,0
LF:16
LH:4
BRDA:12,0,0,0
BRDA:12,0,1,0
BRDA:14,1,0,0
BRDA:14,1,1,0
BRF:4
BRH:0
end_of_record
TN:
SF:C:\Users\up\Teamwork\controller\employee.js
FN:6,(anonymous_0)
FN:13,(anonymous_1)
FN:15,(anonymous_2)
FN:26,(anonymous_3)
FN:32,(anonymous_4)
FN:39,(anonymous_5)
FN:46,(anonymous_6)
FN:57,(anonymous_7)
FN:64,(anonymous_8)
FN:71,(anonymous_9)
FN:74,(anonymous_10)
FN:83,(anonymous_11)
FN:95,(anonymous_12)
FN:102,(anonymous_13)
FN:107,(anonymous_14)
FN:109,(anonymous_15)
FN:116,(anonymous_16)
FN:128,(anonymous_17)
FN:135,(anonymous_18)
FN:140,(anonymous_19)
FN:142,(anonymous_20)
FN:149,(anonymous_21)
FN:160,(anonymous_22)
FN:167,(anonymous_23)
FN:172,(anonymous_24)
FN:176,(anonymous_25)
FN:187,(anonymous_26)
FN:192,(anonymous_27)
FN:198,(anonymous_28)
FN:203,(anonymous_29)
FN:207,(anonymous_30)
FN:217,(anonymous_31)
FN:222,(anonymous_32)
FN:228,(anonymous_33)
FN:229,(anonymous_34)
FN:230,(anonymous_35)
FN:236,(anonymous_36)
FN:241,(anonymous_37)
FN:247,(anonymous_38)
FN:249,(anonymous_39)
FN:250,(anonymous_40)
FN:264,(anonymous_41)
FN:269,(anonymous_42)
FN:275,(anonymous_43)
FN:277,(anonymous_44)
FN:278,(anonymous_45)
FN:292,(anonymous_46)
FN:297,(anonymous_47)
FNF:48
FNH:0
FNDA:0,(anonymous_0)
FNDA:0,(anonymous_1)
FNDA:0,(anonymous_2)
FNDA:0,(anonymous_3)
FNDA:0,(anonymous_4)
FNDA:0,(anonymous_5)
FNDA:0,(anonymous_6)
FNDA:0,(anonymous_7)
FNDA:0,(anonymous_8)
FNDA:0,(anonymous_9)
FNDA:0,(anonymous_10)
FNDA:0,(anonymous_11)
FNDA:0,(anonymous_12)
FNDA:0,(anonymous_13)
FNDA:0,(anonymous_14)
FNDA:0,(anonymous_15)
FNDA:0,(anonymous_16)
FNDA:0,(anonymous_17)
FNDA:0,(anonymous_18)
FNDA:0,(anonymous_19)
FNDA:0,(anonymous_20)
FNDA:0,(anonymous_21)
FNDA:0,(anonymous_22)
FNDA:0,(anonymous_23)
FNDA:0,(anonymous_24)
FNDA:0,(anonymous_25)
FNDA:0,(anonymous_26)
FNDA:0,(anonymous_27)
FNDA:0,(anonymous_28)
FNDA:0,(anonymous_29)
FNDA:0,(anonymous_30)
FNDA:0,(anonymous_31)
FNDA:0,(anonymous_32)
FNDA:0,(anonymous_33)
FNDA:0,(anonymous_34)
FNDA:0,(anonymous_35)
FNDA:0,(anonymous_36)
FNDA:0,(anonymous_37)
FNDA:0,(anonymous_38)
FNDA:0,(anonymous_39)
FNDA:0,(anonymous_40)
FNDA:0,(anonymous_41)
FNDA:0,(anonymous_42)
FNDA:0,(anonymous_43)
FNDA:0,(anonymous_44)
FNDA:0,(anonymous_45)
FNDA:0,(anonymous_46)
FNDA:0,(anonymous_47)
DA:1,1
DA:2,1
DA:3,1
DA:4,1
DA:6,1
DA:7,0
DA:8,0
DA:9,0
DA:10,0
DA:11,0
DA:12,0
DA:13,0
DA:14,0
DA:15,0
DA:16,0
DA:27,0
DA:33,0
DA:39,1
DA:40,0
DA:41,0
DA:42,0
DA:43,0
DA:44,0
DA:45,0
DA:47,0
DA:58,0
DA:64,1
DA:65,0
DA:66,0
DA:67,0
DA:68,0
DA:69,0
DA:70,0
DA:71,0
DA:72,0
DA:73,0
DA:75,0
DA:84,0
DA:90,0
DA:96,0
DA:102,1
DA:103,0
DA:104,0
DA:105,0
DA:106,0
DA:107,0
DA:108,0
DA:109,0
DA:110,0
DA:117,0
DA:123,0
DA:129,0
DA:135,1
DA:136,0
DA:137,0
DA:138,0
DA:139,0
DA:140,0
DA:141,0
DA:142,0
DA:143,0
DA:150,0
DA:155,0
DA:161,0
DA:167,1
DA:168,0
DA:169,0
DA:170,0
DA:172,0
DA:173,0
DA:174,0
DA:175,0
DA:176,0
DA:177,0
DA:188,0
DA:193,0
DA:198,1
DA:199,0
DA:200,0
DA:201,0
DA:203,0
DA:205,0
DA:206,0
DA:207,0
DA:208,0
DA:218,0
DA:223,0
DA:228,1
DA:229,0
DA:230,0
DA:231,0
DA:237,0
DA:242,0
DA:247,1
DA:248,0
DA:249,0
DA:250,0
DA:251,0
DA:265,0
DA:270,0
DA:275,1
DA:276,0
DA:277,0
DA:278,0
DA:279,0
DA:293,0
DA:298,0
LF:107
LH:14
BRDA:72,0,0,0
BRDA:72,0,1,0
BRDA:108,1,0,0
BRDA:108,1,1,0
BRDA:141,2,0,0
BRDA:141,2,1,0
BRF:6
BRH:0
end_of_record
TN:
SF:C:\Users\up\Teamwork\controller\signin.js
FN:5,(anonymous_0)
FN:7,(anonymous_1)
FN:8,(anonymous_2)
FN:24,(anonymous_3)
FN:30,(anonymous_4)
FNF:5
FNH:0
FNDA:0,(anonymous_0)
FNDA:0,(anonymous_1)
FNDA:0,(anonymous_2)
FNDA:0,(anonymous_3)
FNDA:0,(anonymous_4)
DA:1,1
DA:2,1
DA:3,1
DA:5,1
DA:6,0
DA:7,0
DA:8,0
DA:9,0
DA:10,0
DA:11,0
DA:19,0
DA:25,0
DA:31,0
LF:13
LH:4
BRDA:9,0,0,0
BRDA:9,0,1,0
BRF:2
BRH:0
end_of_record
TN:
SF:C:\Users\up\Teamwork\middleware\auth.js
FN:3,(anonymous_0)
FNF:1
FNH:0
FNDA:0,(anonymous_0)
DA:1,1
DA:3,1
DA:4,0
DA:5,0
DA:6,0
DA:7,0
DA:8,0
DA:9,0
DA:13,0
DA:16,0
LF:10
LH:2
BRDA:8,0,0,0
BRDA:8,0,1,0
BRDA:8,1,0,0
BRDA:8,1,1,0
BRF:4
BRH:0
end_of_record
TN:
SF:C:\Users\up\Teamwork\middleware\multer.js
FN:10,(anonymous_0)
FNF:1
FNH:0
FNDA:0,(anonymous_0)
DA:1,1
DA:2,1
DA:3,1
DA:5,1
DA:6,1
DA:7,1
DA:10,1
DA:11,1
LF:8
LH:8
BRF:0
BRH:0
end_of_record
TN:
SF:C:\Users\up\Teamwork\routes\admin.js
FNF:0
FNH:0
DA:1,1
DA:3,1
DA:4,1
DA:6,1
DA:8,1
DA:10,1
LF:6
LH:6
BRF:0
BRH:0
end_of_record
TN:
SF:C:\Users\up\Teamwork\routes\employee.js
FNF:0
FNH:0
DA:1,1
DA:2,1
DA:3,1
DA:4,1
DA:6,1
DA:7,1
DA:8,1
DA:9,1
DA:10,1
DA:11,1
DA:12,1
DA:13,1
DA:14,1
DA:15,1
DA:16,1
DA:18,1
LF:16
LH:16
BRF:0
BRH:0
end_of_record
TN:
SF:C:\Users\up\Teamwork\routes\signin.js
FNF:0
FNH:0
DA:1,1
DA:2,1
DA:4,1
DA:6,1
DA:9,1
LF:5
LH:5
BRF:0
BRH:0
end_of_record
TN:
SF:C:\Users\up\Teamwork\services\cloudinary_config.js
FN:10,(anonymous_0)
FN:11,(anonymous_1)
FNF:2
FNH:0
FNDA:0,(anonymous_0)
FNDA:0,(anonymous_1)
DA:1,1
DA:2,1
DA:4,1
DA:10,1
DA:11,1
LF:5
LH:5
BRF:0
BRH:0
end_of_record
TN:
SF:C:\Users\up\Teamwork\services\dbconfig.js
FNF:0
FNH:0
DA:1,1
DA:2,1
DA:4,1
DA:6,1
DA:7,1
DA:12,1
LF:6
LH:6
BRF:0
BRH:0
end_of_record
TN:
SF:C:\Users\up\Teamwork\spec\support\appSpec.js
FN:5,(anonymous_0)
FN:8,(anonymous_1)
FN:13,(anonymous_2)
FN:16,(anonymous_3)
FN:20,(anonymous_4)
FN:21,(anonymous_5)
FN:25,(anonymous_6)
FN:26,(anonymous_7)
FN:39,(anonymous_8)
FN:42,(anonymous_9)
FN:46,(anonymous_10)
FN:47,(anonymous_11)
FN:51,(anonymous_12)
FN:52,(anonymous_13)
FN:64,(anonymous_14)
FN:67,(anonymous_15)
FN:71,(anonymous_16)
FN:72,(anonymous_17)
FN:76,(anonymous_18)
FN:77,(anonymous_19)
FN:92,(anonymous_20)
FN:95,(anonymous_21)
FN:99,(anonymous_22)
FN:100,(anonymous_23)
FN:104,(anonymous_24)
FN:105,(anonymous_25)
FN:119,(anonymous_26)
FN:122,(anonymous_27)
FN:126,(anonymous_28)
FN:127,(anonymous_29)
FN:131,(anonymous_30)
FN:132,(anonymous_31)
FN:145,(anonymous_32)
FN:148,(anonymous_33)
FN:152,(anonymous_34)
FN:153,(anonymous_35)
FN:157,(anonymous_36)
FN:158,(anonymous_37)
FN:168,(anonymous_38)
FN:171,(anonymous_39)
FN:175,(anonymous_40)
FN:176,(anonymous_41)
FN:180,(anonymous_42)
FN:181,(anonymous_43)
FN:191,(anonymous_44)
FN:194,(anonymous_45)
FN:198,(anonymous_46)
FN:199,(anonymous_47)
FN:203,(anonymous_48)
FN:204,(anonymous_49)
FN:218,(anonymous_50)
FN:221,(anonymous_51)
FN:225,(anonymous_52)
FN:226,(anonymous_53)
FN:230,(anonymous_54)
FN:231,(anonymous_55)
FN:244,(anonymous_56)
FN:247,(anonymous_57)
FN:251,(anonymous_58)
FN:252,(anonymous_59)
FN:256,(anonymous_60)
FN:257,(anonymous_61)
FN:265,(anonymous_62)
FN:268,(anonymous_63)
FN:272,(anonymous_64)
FN:273,(anonymous_65)
FN:277,(anonymous_66)
FN:278,(anonymous_67)
FN:294,(anonymous_68)
FN:297,(anonymous_69)
FN:301,(anonymous_70)
FN:302,(anonymous_71)
FN:306,(anonymous_72)
FN:307,(anonymous_73)
FNF:74
FNH:49
FNDA:1,(anonymous_0)
FNDA:0,(anonymous_1)
FNDA:1,(anonymous_2)
FNDA:1,(anonymous_3)
FNDA:1,(anonymous_4)
FNDA:0,(anonymous_5)
FNDA:1,(anonymous_6)
FNDA:0,(anonymous_7)
FNDA:1,(anonymous_8)
FNDA:1,(anonymous_9)
FNDA:1,(anonymous_10)
FNDA:0,(anonymous_11)
FNDA:1,(anonymous_12)
FNDA:0,(anonymous_13)
FNDA:1,(anonymous_14)
FNDA:1,(anonymous_15)
FNDA:1,(anonymous_16)
FNDA:0,(anonymous_17)
FNDA:1,(anonymous_18)
FNDA:0,(anonymous_19)
FNDA:1,(anonymous_20)
FNDA:1,(anonymous_21)
FNDA:1,(anonymous_22)
FNDA:0,(anonymous_23)
FNDA:1,(anonymous_24)
FNDA:0,(anonymous_25)
FNDA:1,(anonymous_26)
FNDA:1,(anonymous_27)
FNDA:1,(anonymous_28)
FNDA:0,(anonymous_29)
FNDA:1,(anonymous_30)
FNDA:0,(anonymous_31)
FNDA:1,(anonymous_32)
FNDA:1,(anonymous_33)
FNDA:1,(anonymous_34)
FNDA:0,(anonymous_35)
FNDA:1,(anonymous_36)
FNDA:0,(anonymous_37)
FNDA:1,(anonymous_38)
FNDA:1,(anonymous_39)
FNDA:1,(anonymous_40)
FNDA:0,(anonymous_41)
FNDA:1,(anonymous_42)
FNDA:0,(anonymous_43)
FNDA:1,(anonymous_44)
FNDA:1,(anonymous_45)
FNDA:1,(anonymous_46)
FNDA:0,(anonymous_47)
FNDA:1,(anonymous_48)
FNDA:0,(anonymous_49)
FNDA:1,(anonymous_50)
FNDA:1,(anonymous_51)
FNDA:1,(anonymous_52)
FNDA:0,(anonymous_53)
FNDA:1,(anonymous_54)
FNDA:0,(anonymous_55)
FNDA:1,(anonymous_56)
FNDA:1,(anonymous_57)
FNDA:1,(anonymous_58)
FNDA:0,(anonymous_59)
FNDA:1,(anonymous_60)
FNDA:0,(anonymous_61)
FNDA:1,(anonymous_62)
FNDA:1,(anonymous_63)
FNDA:1,(anonymous_64)
FNDA:0,(anonymous_65)
FNDA:1,(anonymous_66)
FNDA:0,(anonymous_67)
FNDA:1,(anonymous_68)
FNDA:1,(anonymous_69)
FNDA:1,(anonymous_70)
FNDA:0,(anonymous_71)
FNDA:1,(anonymous_72)
FNDA:0,(anonymous_73)
DA:1,1
DA:2,1
DA:5,1
DA:7,1
DA:8,1
DA:9,0
DA:13,1
DA:14,1
DA:15,1
DA:16,1
DA:17,1
DA:20,1
DA:21,1
DA:22,0
DA:25,1
DA:26,1
DA:27,0
DA:39,1
DA:40,1
DA:41,1
DA:42,1
DA:43,1
DA:46,1
DA:47,1
DA:48,0
DA:51,1
DA:52,1
DA:53,0
DA:64,1
DA:65,1
DA:66,1
DA:67,1
DA:68,1
DA:71,1
DA:72,1
DA:73,0
DA:76,1
DA:77,1
DA:78,0
DA:92,1
DA:93,1
DA:94,1
DA:95,1
DA:96,1
DA:99,1
DA:100,1
DA:101,0
DA:104,1
DA:105,1
DA:106,0
DA:119,1
DA:120,1
DA:121,1
DA:122,1
DA:123,1
DA:126,1
DA:127,1
DA:128,0
DA:131,1
DA:132,1
DA:133,0
DA:145,1
DA:146,1
DA:147,1
DA:148,1
DA:149,1
DA:152,1
DA:153,1
DA:154,0
DA:157,1
DA:158,1
DA:159,0
DA:168,1
DA:169,1
DA:170,1
DA:171,1
DA:172,1
DA:175,1
DA:176,1
DA:177,0
DA:180,1
DA:181,1
DA:182,0
DA:191,1
DA:192,1
DA:193,1
DA:194,1
DA:195,1
DA:198,1
DA:199,1
DA:200,0
DA:203,1
DA:204,1
DA:205,0
DA:218,1
DA:219,1
DA:220,1
DA:221,1
DA:222,1
DA:225,1
DA:226,1
DA:227,0
DA:230,1
DA:231,1
DA:232,0
DA:244,1
DA:245,1
DA:246,1
DA:247,1
DA:248,1
DA:251,1
DA:252,1
DA:253,0
DA:256,1
DA:257,1
DA:258,0
DA:265,1
DA:266,1
DA:267,1
DA:268,1
DA:269,1
DA:272,1
DA:273,1
DA:274,0
DA:277,1
DA:278,1
DA:279,0
DA:294,1
DA:295,1
DA:296,1
DA:297,1
DA:298,1
DA:301,1
DA:302,1
DA:303,0
DA:306,1
DA:307,1
DA:308,0
LF:138
LH:113
BRF:0
BRH:0
end_of_record
